Size: ( ROW 10 , COL 5 )
[(0,0),(-F,-K,-C), 10%]
[(0,1),(-F,-K,-C),  2%]
[(0,2),(-F,-K,-C), 22%]
[(0,3),(-F,-K,-C),  5%]
[(0,4),(+F,+K,-C),  0%]
[(1,0),(+F,+K,-C),  0%]
[(1,1),(-F,-K,-C),  3%]
[(1,2),(-F,-K,-C),  6%]
[(1,3),(-F,-K,-C),  0%]
[(1,4),(-F,-K,-C), 23%]
[(2,0),(+F,+K,-C),  0%]
[(2,1),(-F,+K,-C),  0%]
[(2,2),(+F,+K,-C),  0%]
[(2,3),(+F,+K,-C),  0%]
[(2,4),(-F,-K,-C),  3%]
[(3,0),(-F,-K,-C),  1%]
[(3,1),(-F,-K,-C), 22%]
[(3,2),(+F,+K,-C),  0%]
[(3,3),(-F,-K,+C),  0%]
[(3,4),(-F,-K,-C),  0%]
[(4,0),(+F,+K,-C),  0%]
[(4,1),(-F,+K,-C),  0%]
[(4,2),(+F,+K,-C),  0%]
[(4,3),(-F,-K,-C),  2%]
[(4,4),(-F,-K,-C),  6%]
[(5,0),(-F,+K,-C),  0%]
[(5,1),(-F,-K,-C),  0%]
[(5,2),(-F,-K,-C),  9%]
[(5,3),(-F,+K,-C),  0%]
[(5,4),(-F,+K,-C),  0%]
[(6,0),(-F,-K,-C),  2%]
[(6,1),(-F,-K,-C), 10%]
[(6,2),(-F,-K,-C),  3%]
[(6,3),(-F,-K,-C),  5%]
[(6,4),(+F,+K,-C),  0%]
[(7,0),(-F,+K,-C),  0%]
[(7,1),(-F,-K,-C),  2%]
[(7,2),(+F,+K,-C),  0%]
[(7,3),(-F,-K,+C),  9%]
[(7,4),(+F,+K,-C),  0%]
[(8,0),(-F,-K,+C),  6%]
[(8,1),(-F,+K,-C),  0%]
[(8,2),(+F,+K,-C),  0%]
[(8,3),(-F,-K,-C),  2%]
[(8,4),(+F,+K,-C),  0%]
[(9,0),(-F,-K,+C), 10%]
[(9,1),(-F,-K,-C),  7%]
[(9,2),(-F,-K,-C), 37%]
[(9,3),(-F,-K,+C),  0%]
[(9,4),(-F,-K,-C),  6%]
